Using pre-set license
Built from '2022.3/staging' branch; Version is '2022.3.19f1 (244b723c30a6) revision 2378610'; Using compiler version '192829333'; Build Type 'Release'
OS: 'Windows 11  (10.0.26100) 64bit Professional' Language: 'ru' Physical Memory: 32509 MB
BatchMode: 1, IsHumanControllingUs: 0, StartBugReporterOnCrash: 0, Is64bit: 1, IsPro: 1

COMMAND LINE ARGUMENTS:
C:\Program Files\Unity\Hub\Editor\2022.3.19f1\Editor\Unity.exe
-adb2
-batchMode
-noUpm
-name
AssetImportWorker1
-projectPath
C:/JamMyBuild
-logFile
Logs/AssetImportWorker1.log
-srvPort
65130
Successfully changed project path to: C:/JamMyBuild
C:/JamMyBuild
[UnityMemory] Configuration Parameters - Can be set up in boot.config
    "memorysetup-bucket-allocator-granularity=16"
    "memorysetup-bucket-allocator-bucket-count=8"
    "memorysetup-bucket-allocator-block-size=33554432"
    "memorysetup-bucket-allocator-block-count=8"
    "memorysetup-main-allocator-block-size=16777216"
    "memorysetup-thread-allocator-block-size=16777216"
    "memorysetup-gfx-main-allocator-block-size=16777216"
    "memorysetup-gfx-thread-allocator-block-size=16777216"
    "memorysetup-cache-allocator-block-size=4194304"
    "memorysetup-typetree-allocator-block-size=2097152"
    "memorysetup-profiler-bucket-allocator-granularity=16"
    "memorysetup-profiler-bucket-allocator-bucket-count=8"
    "memorysetup-profiler-bucket-allocator-block-size=33554432"
    "memorysetup-profiler-bucket-allocator-block-count=8"
    "memorysetup-profiler-allocator-block-size=16777216"
    "memorysetup-profiler-editor-allocator-block-size=1048576"
    "memorysetup-temp-allocator-size-main=16777216"
    "memorysetup-job-temp-allocator-block-size=2097152"
    "memorysetup-job-temp-allocator-block-size-background=1048576"
    "memorysetup-job-temp-allocator-reduction-small-platforms=262144"
    "memorysetup-allocator-temp-initial-block-size-main=262144"
    "memorysetup-allocator-temp-initial-block-size-worker=262144"
    "memorysetup-temp-allocator-size-background-worker=32768"
    "memorysetup-temp-allocator-size-job-worker=262144"
    "memorysetup-temp-allocator-size-preload-manager=33554432"
    "memorysetup-temp-allocator-size-nav-mesh-worker=65536"
    "memorysetup-temp-allocator-size-audio-worker=65536"
    "memorysetup-temp-allocator-size-cloud-worker=32768"
    "memorysetup-temp-allocator-size-gi-baking-worker=262144"
    "memorysetup-temp-allocator-size-gfx=262144"
Player connection [44288] Host "[IP] 192.168.0.102 [Port] 0 [Flags] 2 [Guid] 900442042 [EditorId] 900442042 [Version] 1048832 [Id] WindowsEditor(7,Archeezy) [Debug] 1 [PackageName] WindowsEditor [ProjectName] Editor" joined multi-casting on [225.0.0.222:54997]...

Player connection [44288] Host "[IP] 192.168.0.102 [Port] 0 [Flags] 2 [Guid] 900442042 [EditorId] 900442042 [Version] 1048832 [Id] WindowsEditor(7,Archeezy) [Debug] 1 [PackageName] WindowsEditor [ProjectName] Editor" joined alternative multi-casting on [225.0.0.222:34997]...

[Physics::Module] Initialized MultithreadedJobDispatcher with 19 workers.
Refreshing native plugins compatible for Editor in 4.45 ms, found 3 plugins.
Preloading 0 native plugins for Editor in 0.00 ms.
Initialize engine version: 2022.3.19f1 (244b723c30a6)
[Subsystems] Discovering subsystems at path C:/Program Files/Unity/Hub/Editor/2022.3.19f1/Editor/Data/Resources/UnitySubsystems
[Subsystems] Discovering subsystems at path C:/JamMyBuild/Assets
GfxDevice: creating device client; threaded=0; jobified=0
Direct3D:
    Version:  Direct3D 11.0 [level 11.1]
    Renderer: AMD Radeon (TM) R9 380 Series (ID=0x6939)
    Vendor:   ATI
    VRAM:     4071 MB
    Driver:   27.20.14540.4003
Initialize mono
Mono path[0] = 'C:/Program Files/Unity/Hub/Editor/2022.3.19f1/Editor/Data/Managed'
Mono path[1] = 'C:/Program Files/Unity/Hub/Editor/2022.3.19f1/Editor/Data/MonoBleedingEdge/lib/mono/unityjit-win32'
Mono config path = 'C:/Program Files/Unity/Hub/Editor/2022.3.19f1/Editor/Data/MonoBleedingEdge/etc'
Using monoOptions --debugger-agent=transport=dt_socket,embedding=1,server=y,suspend=n,address=127.0.0.1:56348
Begin MonoManager ReloadAssembly
Registering precompiled unity dll's ...
Register platform support module: C:/Program Files/Unity/Hub/Editor/2022.3.19f1/Editor/Data/PlaybackEngines/WebGLSupport/UnityEditor.WebGL.Extensions.dll
Register platform support module: C:/Program Files/Unity/Hub/Editor/2022.3.19f1/Editor/Data/PlaybackEngines/WindowsStandaloneSupport/UnityEditor.WindowsStandalone.Extensions.dll
Registered in 0.006053 seconds.
- Loaded All Assemblies, in  0.220 seconds
Native extension for WindowsStandalone target not found
Native extension for WebGL target not found
Mono: successfully reloaded assembly
- Finished resetting the current domain, in  0.173 seconds
Domain Reload Profiling: 392ms
	BeginReloadAssembly (68ms)
		ExecutionOrderSort (0ms)
		DisableScriptedObjects (0ms)
		BackupInstance (0ms)
		ReleaseScriptingObjects (0ms)
		CreateAndSetChildDomain (1ms)
	RebuildCommonClasses (19ms)
	RebuildNativeTypeToScriptingClass (6ms)
	initialDomainReloadingComplete (38ms)
	LoadAllAssembliesAndSetupDomain (88ms)
		LoadAssemblies (67ms)
		RebuildTransferFunctionScriptingTraits (0ms)
		AnalyzeDomain (86ms)
			TypeCache.Refresh (85ms)
				TypeCache.ScanAssembly (77ms)
			ScanForSourceGeneratedMonoScriptInfo (0ms)
			ResolveRequiredComponents (0ms)
	FinalizeReload (173ms)
		ReleaseScriptCaches (0ms)
		RebuildScriptCaches (0ms)
		SetupLoadedEditorAssemblies (136ms)
			LogAssemblyErrors (0ms)
			InitializePlatformSupportModulesInManaged (7ms)
			SetLoadedEditorAssemblies (4ms)
			RefreshPlugins (0ms)
			BeforeProcessingInitializeOnLoad (2ms)
			ProcessInitializeOnLoadAttributes (89ms)
			ProcessInitializeOnLoadMethodAttributes (34ms)
			AfterProcessingInitializeOnLoad (0ms)
			EditorAssembliesLoaded (0ms)
		ExecutionOrderSort2 (0ms)
		AwakeInstancesAfterBackupRestoration (0ms)
========================================================================
Worker process is ready to serve import requests
Begin MonoManager ReloadAssembly
- Loaded All Assemblies, in  0.397 seconds
Refreshing native plugins compatible for Editor in 1.87 ms, found 3 plugins.
Native extension for WindowsStandalone target not found
Native extension for WebGL target not found
Package Manager log level set to [2]
[Package Manager] Server::EnsureServerProcessIsRunning -- launch failed, reason: Unity was launched with the -noUpm command-line argument
[Package Manager] UpmClient::Send -- Unable to send message (not connected to UPM process).
[Package Manager] Cannot connect to Unity Package Manager local server
Mono: successfully reloaded assembly
- Finished resetting the current domain, in  0.429 seconds
Domain Reload Profiling: 825ms
	BeginReloadAssembly (92ms)
		ExecutionOrderSort (0ms)
		DisableScriptedObjects (3ms)
		BackupInstance (0ms)
		ReleaseScriptingObjects (0ms)
		CreateAndSetChildDomain (14ms)
	RebuildCommonClasses (19ms)
	RebuildNativeTypeToScriptingClass (6ms)
	initialDomainReloadingComplete (25ms)
	LoadAllAssembliesAndSetupDomain (253ms)
		LoadAssemblies (207ms)
		RebuildTransferFunctionScriptingTraits (0ms)
		AnalyzeDomain (100ms)
			TypeCache.Refresh (88ms)
				TypeCache.ScanAssembly (79ms)
			ScanForSourceGeneratedMonoScriptInfo (9ms)
			ResolveRequiredComponents (2ms)
	FinalizeReload (430ms)
		ReleaseScriptCaches (0ms)
		RebuildScriptCaches (0ms)
		SetupLoadedEditorAssemblies (337ms)
			LogAssemblyErrors (0ms)
			InitializePlatformSupportModulesInManaged (5ms)
			SetLoadedEditorAssemblies (3ms)
			RefreshPlugins (0ms)
			BeforeProcessingInitializeOnLoad (56ms)
			ProcessInitializeOnLoadAttributes (255ms)
			ProcessInitializeOnLoadMethodAttributes (12ms)
			AfterProcessingInitializeOnLoad (5ms)
			EditorAssembliesLoaded (0ms)
		ExecutionOrderSort2 (0ms)
		AwakeInstancesAfterBackupRestoration (4ms)
Launched and connected shader compiler UnityShaderCompiler.exe after 0.05 seconds
Refreshing native plugins compatible for Editor in 1.69 ms, found 3 plugins.
Preloading 0 native plugins for Editor in 0.00 ms.
Unloading 3093 Unused Serialized files (Serialized files now loaded: 0)
Unloading 32 unused Assets / (57.3 KB). Loaded Objects now: 3569.
Memory consumption went from 135.4 MB to 135.3 MB.
Total: 1.777600 ms (FindLiveObjects: 0.132800 ms CreateObjectMapping: 0.038500 ms MarkObjects: 1.507900 ms  DeleteObjects: 0.097600 ms)

AssetImportParameters requested are different than current active one (requested -> active):
  custom:container-demuxer-ogg: 62fdf1f143b41e24485cea50d1cbac27 -> 
  custom:video-codec-MediaFoundation-h265: 746d11721c4dcdbdad8f713fa42b33f4 -> 
  custom:video-decoder-ogg-theora: a1e56fd34408186e4bbccfd4996cb3dc -> 
  custom:framework-win-MediaFoundation: 216162199b28c13a410421893ffa2e32 -> 
  custom:CustomObjectIndexerAttribute: 6d391050e5a25f67b0a2c618074f2cd9 -> 
  custom:container-demuxer-webm: 4f35f7cbe854078d1ac9338744f61a02 -> 
  custom:container-muxer-webm: aa71ff27fc2769a1b78a27578f13a17b -> 
  custom:video-decoder-webm-vp8: 9c59270c3fd7afecdb556c50c9e8de78 -> 
  custom:SearchIndexIgnoredProperties: e643bd26f0fe6173181afceb89e7c659 -> 
  custom:AudioImporter_EditorPlatform: d09bf68614088b80899f8185d706f6e7 -> 
  custom:video-encoder-webm-vp8: eb34c28f22e8b96e1ab97ce403110664 -> 
  custom:audio-decoder-ogg-vorbis: bf7c407c2cedff20999df2af8eb42d56 -> 
  custom:audio-encoder-webm-vorbis: bf7c407c2cedff20999df2af8eb42d56 -> 
========================================================================
Received Import Request.
  Time since last request: 41771.957979 seconds.
  path: Assets/DungeonModules/FBX/beam_A.fbx
  artifactKey: Guid(2437328f2625a88498fbb21665ab3c0d) Importer(815301076,1909f56bfc062723c751e8b465ee728b)
Start importing Assets/DungeonModules/FBX/beam_A.fbx using Guid(2437328f2625a88498fbb21665ab3c0d) Importer(815301076,1909f56bfc062723c751e8b465ee728b)  -> (artifact id: '6f6f8a1e2eff52c4e58d46477a68c397') in 0.301037 seconds
Number of updated asset objects reloaded before import = 0
Number of asset objects unloaded after import = 11
========================================================================
Received Import Request.
  Time since last request: 0.000029 seconds.
  path: Assets/DungeonModules/FBX/stool_A.fbx
  artifactKey: Guid(d2260e8cc0733da40abaea2112e65d9c) Importer(815301076,1909f56bfc062723c751e8b465ee728b)
Start importing Assets/DungeonModules/FBX/stool_A.fbx using Guid(d2260e8cc0733da40abaea2112e65d9c) Importer(815301076,1909f56bfc062723c751e8b465ee728b)  -> (artifact id: '4ac47f2e2ee0e32e8a70ce6875ed627b') in 0.029729 seconds
Number of updated asset objects reloaded before import = 0
Number of asset objects unloaded after import = 11
========================================================================
Received Import Request.
  Time since last request: 0.000043 seconds.
  path: Assets/DungeonModules/FBX/lantern_A.fbx
  artifactKey: Guid(d8a74945658b380478d7a378c1819582) Importer(815301076,1909f56bfc062723c751e8b465ee728b)
Start importing Assets/DungeonModules/FBX/lantern_A.fbx using Guid(d8a74945658b380478d7a378c1819582) Importer(815301076,1909f56bfc062723c751e8b465ee728b)  -> (artifact id: 'bcc2b7c25569b3ba2ad5503725fe98fd') in 0.129560 seconds
Number of updated asset objects reloaded before import = 0
Number of asset objects unloaded after import = 12
========================================================================
Received Import Request.
  Time since last request: 0.000018 seconds.
  path: Assets/DungeonModules/FBX/spiderweb_D.fbx
  artifactKey: Guid(72d405267a2c26f43b7e22480bb1db64) Importer(815301076,1909f56bfc062723c751e8b465ee728b)
Start importing Assets/DungeonModules/FBX/spiderweb_D.fbx using Guid(72d405267a2c26f43b7e22480bb1db64) Importer(815301076,1909f56bfc062723c751e8b465ee728b)  -> (artifact id: '1efde2e415996daec13a791e6d7f797d') in 0.024986 seconds
Number of updated asset objects reloaded before import = 0
Number of asset objects unloaded after import = 9
========================================================================
Received Import Request.
  Time since last request: 0.000020 seconds.
  path: Assets/DungeonModules/FBX/chest_A.fbx
  artifactKey: Guid(7810fdb93000ac64ab00c2345b97634b) Importer(815301076,1909f56bfc062723c751e8b465ee728b)
Start importing Assets/DungeonModules/FBX/chest_A.fbx using Guid(7810fdb93000ac64ab00c2345b97634b) Importer(815301076,1909f56bfc062723c751e8b465ee728b)  -> (artifact id: 'f1a7acc9d54d025c9eacd49c36137211') in 0.219936 seconds
Number of updated asset objects reloaded before import = 0
Number of asset objects unloaded after import = 21
========================================================================
Received Import Request.
  Time since last request: 0.000017 seconds.
  path: Assets/DungeonModules/FBX/wall_A2.fbx
  artifactKey: Guid(aa092e255eef9b442aff264483b45fec) Importer(815301076,1909f56bfc062723c751e8b465ee728b)
Start importing Assets/DungeonModules/FBX/wall_A2.fbx using Guid(aa092e255eef9b442aff264483b45fec) Importer(815301076,1909f56bfc062723c751e8b465ee728b)  -> (artifact id: '62004bbd348e63ac0db473e17af637a7') in 0.021483 seconds
Number of updated asset objects reloaded before import = 0
Number of asset objects unloaded after import = 11
========================================================================
Received Import Request.
  Time since last request: 0.000039 seconds.
  path: Assets/DungeonModules/FBX/door_wall_A3.fbx
  artifactKey: Guid(26aec004d42c0a640bf94c71b19365ec) Importer(815301076,1909f56bfc062723c751e8b465ee728b)
Start importing Assets/DungeonModules/FBX/door_wall_A3.fbx using Guid(26aec004d42c0a640bf94c71b19365ec) Importer(815301076,1909f56bfc062723c751e8b465ee728b)  -> (artifact id: '461d639a01bd0dec0d26cce20ebb732e') in 0.037299 seconds
Number of updated asset objects reloaded before import = 0
Number of asset objects unloaded after import = 23
========================================================================
Received Import Request.
  Time since last request: 0.000014 seconds.
  path: Assets/DungeonModules/FBX/mud_A.fbx
  artifactKey: Guid(f224c1dc99e7bc841ae5a1e1e37d8849) Importer(815301076,1909f56bfc062723c751e8b465ee728b)
Start importing Assets/DungeonModules/FBX/mud_A.fbx using Guid(f224c1dc99e7bc841ae5a1e1e37d8849) Importer(815301076,1909f56bfc062723c751e8b465ee728b)  -> (artifact id: '1e4c43ae22fa86b64149e90be0ee3945') in 0.193761 seconds
Number of updated asset objects reloaded before import = 0
Number of asset objects unloaded after import = 10
========================================================================
Received Import Request.
  Time since last request: 0.000023 seconds.
  path: Assets/DungeonModules/FBX/pot_B.fbx
  artifactKey: Guid(435edfcf02f5e914885013ab582ffd3f) Importer(815301076,1909f56bfc062723c751e8b465ee728b)
Start importing Assets/DungeonModules/FBX/pot_B.fbx using Guid(435edfcf02f5e914885013ab582ffd3f) Importer(815301076,1909f56bfc062723c751e8b465ee728b)  -> (artifact id: 'd8ebeea170917071198a9b1d886388f3') in 0.020211 seconds
Number of updated asset objects reloaded before import = 0
Number of asset objects unloaded after import = 11
========================================================================
Received Import Request.
  Time since last request: 0.000032 seconds.
  path: Assets/DungeonModules/FBX/torch_A.fbx
  artifactKey: Guid(a6d1c8fdba199744782b63a16768fe47) Importer(815301076,1909f56bfc062723c751e8b465ee728b)
Start importing Assets/DungeonModules/FBX/torch_A.fbx using Guid(a6d1c8fdba199744782b63a16768fe47) Importer(815301076,1909f56bfc062723c751e8b465ee728b)  -> (artifact id: 'd3ab877a3155c322e4dfd26aaccb9538') in 0.018185 seconds
Number of updated asset objects reloaded before import = 0
Number of asset objects unloaded after import = 11
========================================================================
Received Import Request.
  Time since last request: 0.000017 seconds.
  path: Assets/DungeonModules/FBX/spiderweb_B.fbx
  artifactKey: Guid(24a554931518e554e840e201b7907122) Importer(815301076,1909f56bfc062723c751e8b465ee728b)
Start importing Assets/DungeonModules/FBX/spiderweb_B.fbx using Guid(24a554931518e554e840e201b7907122) Importer(815301076,1909f56bfc062723c751e8b465ee728b)  -> (artifact id: '6d82d5ac2d63d22fb0951dc8c237af47') in 0.013813 seconds
Number of updated asset objects reloaded before import = 0
Number of asset objects unloaded after import = 9
========================================================================
Received Import Request.
  Time since last request: 0.000018 seconds.
  path: Assets/DungeonModules/FBX/spiderweb_A.fbx
  artifactKey: Guid(ec5cb2e3dff903f478a552f37540398c) Importer(815301076,1909f56bfc062723c751e8b465ee728b)
Start importing Assets/DungeonModules/FBX/spiderweb_A.fbx using Guid(ec5cb2e3dff903f478a552f37540398c) Importer(815301076,1909f56bfc062723c751e8b465ee728b)  -> (artifact id: 'f8ecbf6255be40b5e528a0b34aa390c2') in 0.014827 seconds
Number of updated asset objects reloaded before import = 0
Number of asset objects unloaded after import = 9
